# JRE version: Java(TM) SE Runtime Environment (17.0.7+8) (build 17.0.7+8-LTS-224)
# Java VM: Java HotSpot(TM) 64-Bit Server VM (17.0.7+8-LTS-224, mixed mode, sharing, tiered, compressed oops, compressed class ptrs, g1 gc, windows-amd64)
GC Precious Log:
 CPUs: 12 total, 12 available
 Memory: 8027M
 Large Page Support: Disabled
 NUMA Support: Disabled
 Compressed Oops: Enabled (32-bit)
 Heap Region Size: 1M
 Heap Min Capacity: 8M
 Heap Initial Capacity: 126M
 Heap Max Capacity: 2008M
 Pre-touch: Disabled
 Parallel Workers: 10
 Concurrent Workers: 3
 Concurrent Refinement Workers: 10
 Periodic GC: Disabled
Heap:
 garbage-first heap   total 120832K, used 40394K [0x0000000082800000, 0x0000000100000000)
  region size 1024K, 3 young (3072K), 2 survivors (2048K)
 Metaspace       used 78893K, committed 79488K, reserved 1122304K
  class space    used 10632K, committed 10880K, reserved 1048576K
GC Heap History (20 events):
Event: 3201.966 GC heap before
{Heap before GC invocations=51 (full 0):
 garbage-first heap   total 90112K, used 40967K [0x0000000082800000, 0x0000000100000000)
  region size 1024K, 4 young (4096K), 1 survivors (1024K)
 Metaspace       used 76178K, committed 76672K, reserved 1122304K
  class space    used 10411K, committed 10624K, reserved 1048576K
}
Event: 3201.971 GC heap after
{Heap after GC invocations=52 (full 0):
 garbage-first heap   total 90112K, used 38823K [0x0000000082800000, 0x0000000100000000)
  region size 1024K, 1 young (1024K), 1 survivors (1024K)
 Metaspace       used 76178K, committed 76672K, reserved 1122304K
  class space    used 10411K, committed 10624K, reserved 1048576K
}
Event: 3202.080 GC heap before
{Heap before GC invocations=52 (full 0):
 garbage-first heap   total 90112K, used 40871K [0x0000000082800000, 0x0000000100000000)
  region size 1024K, 4 young (4096K), 1 survivors (1024K)
 Metaspace       used 76740K, committed 77184K, reserved 1122304K
  class space    used 10498K, committed 10688K, reserved 1048576K
}
Event: 3202.084 GC heap after
{Heap after GC invocations=53 (full 0):
 garbage-first heap   total 120832K, used 38833K [0x0000000082800000, 0x0000000100000000)
  region size 1024K, 1 young (1024K), 1 survivors (1024K)
 Metaspace       used 76740K, committed 77184K, reserved 1122304K
  class space    used 10498K, committed 10688K, reserved 1048576K
}
Event: 3477.411 GC heap before
{Heap before GC invocations=53 (full 0):
 garbage-first heap   total 120832K, used 70577K [0x0000000082800000, 0x0000000100000000)
  region size 1024K, 32 young (32768K), 1 survivors (1024K)
 Metaspace       used 77565K, committed 78080K, reserved 1122304K
  class space    used 10585K, committed 10816K, reserved 1048576K
}
Event: 3477.413 GC heap after
{Heap after GC invocations=54 (full 0):
 garbage-first heap   total 120832K, used 39470K [0x0000000082800000, 0x0000000100000000)
  region size 1024K, 2 young (2048K), 2 survivors (2048K)
 Metaspace       used 77565K, committed 78080K, reserved 1122304K
  class space    used 10585K, committed 10816K, reserved 1048576K
}
Event: 3738.091 GC heap before
{Heap before GC invocations=55 (full 0):
 garbage-first heap   total 120832K, used 64046K [0x0000000082800000, 0x0000000100000000)
  region size 1024K, 26 young (26624K), 2 survivors (2048K)
 Metaspace       used 77564K, committed 78080K, reserved 1122304K
  class space    used 10584K, committed 10816K, reserved 1048576K
}
Event: 3738.093 GC heap after
{Heap after GC invocations=56 (full 0):
 garbage-first heap   total 120832K, used 40043K [0x0000000082800000, 0x0000000100000000)
  region size 1024K, 2 young (2048K), 2 survivors (2048K)
 Metaspace       used 77564K, committed 78080K, reserved 1122304K
  class space    used 10584K, committed 10816K, reserved 1048576K
}
Event: 3771.974 GC heap before
{Heap before GC invocations=56 (full 0):
 garbage-first heap   total 120832K, used 43115K [0x0000000082800000, 0x0000000100000000)
  region size 1024K, 5 young (5120K), 2 survivors (2048K)
 Metaspace       used 77564K, committed 78080K, reserved 1122304K
  class space    used 10584K, committed 10816K, reserved 1048576K
}
Event: 3771.993 GC heap after
{Heap after GC invocations=57 (full 0):
 garbage-first heap   total 120832K, used 39857K [0x0000000082800000, 0x0000000100000000)
  region size 1024K, 1 young (1024K), 1 survivors (1024K)
 Metaspace       used 77564K, committed 78080K, reserved 1122304K
  class space    used 10584K, committed 10816K, reserved 1048576K
}
Event: 3817.841 GC heap before
{Heap before GC invocations=57 (full 0):
 garbage-first heap   total 120832K, used 43953K [0x0000000082800000, 0x0000000100000000)
  region size 1024K, 5 young (5120K), 1 survivors (1024K)
 Metaspace       used 77575K, committed 78080K, reserved 1122304K
  class space    used 10584K, committed 10816K, reserved 1048576K
}
Event: 3817.846 GC heap after
{Heap after GC invocations=58 (full 0):
 garbage-first heap   total 120832K, used 39691K [0x0000000082800000, 0x0000000100000000)
  region size 1024K, 1 young (1024K), 1 survivors (1024K)
 Metaspace       used 77575K, committed 78080K, reserved 1122304K
  class space    used 10584K, committed 10816K, reserved 1048576K
}
Event: 4501.486 GC heap before
{Heap before GC invocations=58 (full 0):
 garbage-first heap   total 120832K, used 102155K [0x0000000082800000, 0x0000000100000000)
  region size 1024K, 62 young (63488K), 1 survivors (1024K)
 Metaspace       used 77674K, committed 78144K, reserved 1122304K
  class space    used 10586K, committed 10816K, reserved 1048576K
}
Event: 4501.513 GC heap after
{Heap after GC invocations=59 (full 0):
 garbage-first heap   total 120832K, used 39696K [0x0000000082800000, 0x0000000100000000)
  region size 1024K, 1 young (1024K), 1 survivors (1024K)
 Metaspace       used 77674K, committed 78144K, reserved 1122304K
  class space    used 10586K, committed 10816K, reserved 1048576K
}
Event: 5227.768 GC heap before
{Heap before GC invocations=60 (full 0):
 garbage-first heap   total 120832K, used 104208K [0x0000000082800000, 0x0000000100000000)
  region size 1024K, 64 young (65536K), 1 survivors (1024K)
 Metaspace       used 77680K, committed 78144K, reserved 1122304K
  class space    used 10586K, committed 10816K, reserved 1048576K
}
Event: 5227.772 GC heap after
{Heap after GC invocations=61 (full 0):
 garbage-first heap   total 120832K, used 39700K [0x0000000082800000, 0x0000000100000000)
  region size 1024K, 1 young (1024K), 1 survivors (1024K)
 Metaspace       used 77680K, committed 78144K, reserved 1122304K
  class space    used 10586K, committed 10816K, reserved 1048576K
}
Event: 5273.228 GC heap before
{Heap before GC invocations=61 (full 0):
 garbage-first heap   total 120832K, used 43796K [0x0000000082800000, 0x0000000100000000)
  region size 1024K, 5 young (5120K), 1 survivors (1024K)
 Metaspace       used 77680K, committed 78144K, reserved 1122304K
  class space    used 10586K, committed 10816K, reserved 1048576K
}
Event: 5273.236 GC heap after
{Heap after GC invocations=62 (full 0):
 garbage-first heap   total 120832K, used 39322K [0x0000000082800000, 0x0000000100000000)
  region size 1024K, 1 young (1024K), 1 survivors (1024K)
 Metaspace       used 77680K, committed 78144K, reserved 1122304K
  class space    used 10586K, committed 10816K, reserved 1048576K
}
Event: 5701.078 GC heap before
{Heap before GC invocations=62 (full 0):
 garbage-first heap   total 120832K, used 102810K [0x0000000082800000, 0x0000000100000000)
  region size 1024K, 64 young (65536K), 1 survivors (1024K)
 Metaspace       used 78861K, committed 79424K, reserved 1122304K
  class space    used 10631K, committed 10880K, reserved 1048576K
}
Event: 5701.085 GC heap after
{Heap after GC invocations=63 (full 0):
 garbage-first heap   total 120832K, used 40394K [0x0000000082800000, 0x0000000100000000)
  region size 1024K, 2 young (2048K), 2 survivors (2048K)
 Metaspace       used 78861K, committed 79424K, reserved 1122304K
  class space    used 10631K, committed 10880K, reserved 1048576K
}

