# JRE version: Java(TM) SE Runtime Environment (17.0.7+8) (build 17.0.7+8-LTS-224)
# Java VM: Java HotSpot(TM) 64-Bit Server VM (17.0.7+8-LTS-224, mixed mode, sharing, tiered, compressed oops, compressed class ptrs, g1 gc, windows-amd64)
GC Precious Log:
 CPUs: 12 total, 12 available
 Memory: 8027M
 Large Page Support: Disabled
 NUMA Support: Disabled
 Compressed Oops: Enabled (32-bit)
 Heap Region Size: 1M
 Heap Min Capacity: 8M
 Heap Initial Capacity: 126M
 Heap Max Capacity: 2008M
 Pre-touch: Disabled
 Parallel Workers: 10
 Concurrent Workers: 3
 Concurrent Refinement Workers: 10
 Periodic GC: Disabled
Heap:
 garbage-first heap   total 137216K, used 38466K [0x0000000082800000, 0x0000000100000000)
  region size 1024K, 2 young (2048K), 1 survivors (1024K)
 Metaspace       used 82188K, committed 82816K, reserved 1122304K
  class space    used 10674K, committed 11008K, reserved 1048576K
GC Heap History (20 events):
Event: 22951.154 GC heap before
{Heap before GC invocations=163 (full 0):
 garbage-first heap   total 137216K, used 118465K [0x0000000082800000, 0x0000000100000000)
  region size 1024K, 80 young (81920K), 1 survivors (1024K)
 Metaspace       used 82182K, committed 82816K, reserved 1122304K
  class space    used 10674K, committed 11008K, reserved 1048576K
}
Event: 22951.155 GC heap after
{Heap after GC invocations=164 (full 0):
 garbage-first heap   total 137216K, used 38612K [0x0000000082800000, 0x0000000100000000)
  region size 1024K, 1 young (1024K), 1 survivors (1024K)
 Metaspace       used 82182K, committed 82816K, reserved 1122304K
  class space    used 10674K, committed 11008K, reserved 1048576K
}
Event: 22951.291 GC heap before
{Heap before GC invocations=164 (full 0):
 garbage-first heap   total 137216K, used 42708K [0x0000000082800000, 0x0000000100000000)
  region size 1024K, 6 young (6144K), 1 survivors (1024K)
 Metaspace       used 82182K, committed 82816K, reserved 1122304K
  class space    used 10674K, committed 11008K, reserved 1048576K
}
Event: 22951.292 GC heap after
{Heap after GC invocations=165 (full 0):
 garbage-first heap   total 137216K, used 38557K [0x0000000082800000, 0x0000000100000000)
  region size 1024K, 1 young (1024K), 1 survivors (1024K)
 Metaspace       used 82182K, committed 82816K, reserved 1122304K
  class space    used 10674K, committed 11008K, reserved 1048576K
}
Event: 22954.077 GC heap before
{Heap before GC invocations=165 (full 0):
 garbage-first heap   total 137216K, used 118429K [0x0000000082800000, 0x0000000100000000)
  region size 1024K, 80 young (81920K), 1 survivors (1024K)
 Metaspace       used 82187K, committed 82816K, reserved 1122304K
  class space    used 10674K, committed 11008K, reserved 1048576K
}
Event: 22954.079 GC heap after
{Heap after GC invocations=166 (full 0):
 garbage-first heap   total 137216K, used 38586K [0x0000000082800000, 0x0000000100000000)
  region size 1024K, 1 young (1024K), 1 survivors (1024K)
 Metaspace       used 82187K, committed 82816K, reserved 1122304K
  class space    used 10674K, committed 11008K, reserved 1048576K
}
Event: 22958.019 GC heap before
{Heap before GC invocations=167 (full 0):
 garbage-first heap   total 137216K, used 118458K [0x0000000082800000, 0x0000000100000000)
  region size 1024K, 80 young (81920K), 1 survivors (1024K)
 Metaspace       used 82187K, committed 82816K, reserved 1122304K
  class space    used 10674K, committed 11008K, reserved 1048576K
}
Event: 22958.021 GC heap after
{Heap after GC invocations=168 (full 0):
 garbage-first heap   total 137216K, used 38582K [0x0000000082800000, 0x0000000100000000)
  region size 1024K, 1 young (1024K), 1 survivors (1024K)
 Metaspace       used 82187K, committed 82816K, reserved 1122304K
  class space    used 10674K, committed 11008K, reserved 1048576K
}
Event: 22958.179 GC heap before
{Heap before GC invocations=168 (full 0):
 garbage-first heap   total 137216K, used 42678K [0x0000000082800000, 0x0000000100000000)
  region size 1024K, 6 young (6144K), 1 survivors (1024K)
 Metaspace       used 82187K, committed 82816K, reserved 1122304K
  class space    used 10674K, committed 11008K, reserved 1048576K
}
Event: 22958.181 GC heap after
{Heap after GC invocations=169 (full 0):
 garbage-first heap   total 137216K, used 38542K [0x0000000082800000, 0x0000000100000000)
  region size 1024K, 1 young (1024K), 1 survivors (1024K)
 Metaspace       used 82187K, committed 82816K, reserved 1122304K
  class space    used 10674K, committed 11008K, reserved 1048576K
}
Event: 22963.152 GC heap before
{Heap before GC invocations=169 (full 0):
 garbage-first heap   total 137216K, used 118414K [0x0000000082800000, 0x0000000100000000)
  region size 1024K, 80 young (81920K), 1 survivors (1024K)
 Metaspace       used 82188K, committed 82816K, reserved 1122304K
  class space    used 10674K, committed 11008K, reserved 1048576K
}
Event: 22963.155 GC heap after
{Heap after GC invocations=170 (full 0):
 garbage-first heap   total 164864K, used 38607K [0x0000000082800000, 0x0000000100000000)
  region size 1024K, 1 young (1024K), 1 survivors (1024K)
 Metaspace       used 82188K, committed 82816K, reserved 1122304K
  class space    used 10674K, committed 11008K, reserved 1048576K
}
Event: 22967.307 GC heap before
{Heap before GC invocations=171 (full 0):
 garbage-first heap   total 137216K, used 118479K [0x0000000082800000, 0x0000000100000000)
  region size 1024K, 80 young (81920K), 1 survivors (1024K)
 Metaspace       used 82188K, committed 82816K, reserved 1122304K
  class space    used 10674K, committed 11008K, reserved 1048576K
}
Event: 22967.309 GC heap after
{Heap after GC invocations=172 (full 0):
 garbage-first heap   total 137216K, used 38637K [0x0000000082800000, 0x0000000100000000)
  region size 1024K, 1 young (1024K), 1 survivors (1024K)
 Metaspace       used 82188K, committed 82816K, reserved 1122304K
  class space    used 10674K, committed 11008K, reserved 1048576K
}
Event: 22967.451 GC heap before
{Heap before GC invocations=172 (full 0):
 garbage-first heap   total 137216K, used 42733K [0x0000000082800000, 0x0000000100000000)
  region size 1024K, 6 young (6144K), 1 survivors (1024K)
 Metaspace       used 82188K, committed 82816K, reserved 1122304K
  class space    used 10674K, committed 11008K, reserved 1048576K
}
Event: 22967.454 GC heap after
{Heap after GC invocations=173 (full 0):
 garbage-first heap   total 137216K, used 38576K [0x0000000082800000, 0x0000000100000000)
  region size 1024K, 1 young (1024K), 1 survivors (1024K)
 Metaspace       used 82188K, committed 82816K, reserved 1122304K
  class space    used 10674K, committed 11008K, reserved 1048576K
}
Event: 22970.623 GC heap before
{Heap before GC invocations=173 (full 0):
 garbage-first heap   total 137216K, used 118448K [0x0000000082800000, 0x0000000100000000)
  region size 1024K, 80 young (81920K), 1 survivors (1024K)
 Metaspace       used 82188K, committed 82816K, reserved 1122304K
  class space    used 10674K, committed 11008K, reserved 1048576K
}
Event: 22970.626 GC heap after
{Heap after GC invocations=174 (full 0):
 garbage-first heap   total 137216K, used 38660K [0x0000000082800000, 0x0000000100000000)
  region size 1024K, 1 young (1024K), 1 survivors (1024K)
 Metaspace       used 82188K, committed 82816K, reserved 1122304K
  class space    used 10674K, committed 11008K, reserved 1048576K
}
Event: 22974.139 GC heap before
{Heap before GC invocations=175 (full 0):
 garbage-first heap   total 137216K, used 118532K [0x0000000082800000, 0x0000000100000000)
  region size 1024K, 80 young (81920K), 1 survivors (1024K)
 Metaspace       used 82188K, committed 82816K, reserved 1122304K
  class space    used 10674K, committed 11008K, reserved 1048576K
}
Event: 22974.140 GC heap after
{Heap after GC invocations=176 (full 0):
 garbage-first heap   total 137216K, used 38658K [0x0000000082800000, 0x0000000100000000)
  region size 1024K, 1 young (1024K), 1 survivors (1024K)
 Metaspace       used 82188K, committed 82816K, reserved 1122304K
  class space    used 10674K, committed 11008K, reserved 1048576K
}

