# JRE version: Java(TM) SE Runtime Environment (17.0.7+8) (build 17.0.7+8-LTS-224)
# Java VM: Java HotSpot(TM) 64-Bit Server VM (17.0.7+8-LTS-224, mixed mode, sharing, tiered, compressed oops, compressed class ptrs, g1 gc, windows-amd64)
GC Precious Log:
 CPUs: 12 total, 12 available
 Memory: 8027M
 Large Page Support: Disabled
 NUMA Support: Disabled
 Compressed Oops: Enabled (32-bit)
 Heap Region Size: 1M
 Heap Min Capacity: 8M
 Heap Initial Capacity: 126M
 Heap Max Capacity: 2008M
 Pre-touch: Disabled
 Parallel Workers: 10
 Concurrent Workers: 3
 Concurrent Refinement Workers: 10
 Periodic GC: Disabled
Heap:
 garbage-first heap   total 190464K, used 51576K [0x0000000082800000, 0x0000000100000000)
  region size 1024K, 12 young (12288K), 1 survivors (1024K)
 Metaspace       used 81959K, committed 82816K, reserved 1122304K
  class space    used 10669K, committed 11008K, reserved 1048576K
GC Heap History (20 events):
Event: 2793.258 GC heap before
{Heap before GC invocations=62 (full 0):
 garbage-first heap   total 190464K, used 153798K [0x0000000082800000, 0x0000000100000000)
  region size 1024K, 111 young (113664K), 1 survivors (1024K)
 Metaspace       used 81945K, committed 82816K, reserved 1122304K
  class space    used 10666K, committed 11008K, reserved 1048576K
}
Event: 2793.274 GC heap after
{Heap after GC invocations=63 (full 0):
 garbage-first heap   total 190464K, used 41144K [0x0000000082800000, 0x0000000100000000)
  region size 1024K, 1 young (1024K), 1 survivors (1024K)
 Metaspace       used 81945K, committed 82816K, reserved 1122304K
  class space    used 10666K, committed 11008K, reserved 1048576K
}
Event: 2803.842 GC heap before
{Heap before GC invocations=63 (full 0):
 garbage-first heap   total 190464K, used 153784K [0x0000000082800000, 0x0000000100000000)
  region size 1024K, 111 young (113664K), 1 survivors (1024K)
 Metaspace       used 81950K, committed 82816K, reserved 1122304K
  class space    used 10666K, committed 11008K, reserved 1048576K
}
Event: 2803.844 GC heap after
{Heap after GC invocations=64 (full 0):
 garbage-first heap   total 190464K, used 41207K [0x0000000082800000, 0x0000000100000000)
  region size 1024K, 1 young (1024K), 1 survivors (1024K)
 Metaspace       used 81950K, committed 82816K, reserved 1122304K
  class space    used 10666K, committed 11008K, reserved 1048576K
}
Event: 2806.467 GC heap before
{Heap before GC invocations=64 (full 0):
 garbage-first heap   total 190464K, used 153847K [0x0000000082800000, 0x0000000100000000)
  region size 1024K, 111 young (113664K), 1 survivors (1024K)
 Metaspace       used 81950K, committed 82816K, reserved 1122304K
  class space    used 10666K, committed 11008K, reserved 1048576K
}
Event: 2806.469 GC heap after
{Heap after GC invocations=65 (full 0):
 garbage-first heap   total 190464K, used 41200K [0x0000000082800000, 0x0000000100000000)
  region size 1024K, 1 young (1024K), 1 survivors (1024K)
 Metaspace       used 81950K, committed 82816K, reserved 1122304K
  class space    used 10666K, committed 11008K, reserved 1048576K
}
Event: 2814.877 GC heap before
{Heap before GC invocations=65 (full 0):
 garbage-first heap   total 190464K, used 153840K [0x0000000082800000, 0x0000000100000000)
  region size 1024K, 111 young (113664K), 1 survivors (1024K)
 Metaspace       used 81952K, committed 82816K, reserved 1122304K
  class space    used 10667K, committed 11008K, reserved 1048576K
}
Event: 2814.885 GC heap after
{Heap after GC invocations=66 (full 0):
 garbage-first heap   total 190464K, used 41240K [0x0000000082800000, 0x0000000100000000)
  region size 1024K, 1 young (1024K), 1 survivors (1024K)
 Metaspace       used 81952K, committed 82816K, reserved 1122304K
  class space    used 10667K, committed 11008K, reserved 1048576K
}
Event: 2817.506 GC heap before
{Heap before GC invocations=66 (full 0):
 garbage-first heap   total 190464K, used 153880K [0x0000000082800000, 0x0000000100000000)
  region size 1024K, 111 young (113664K), 1 survivors (1024K)
 Metaspace       used 81953K, committed 82816K, reserved 1122304K
  class space    used 10668K, committed 11008K, reserved 1048576K
}
Event: 2817.511 GC heap after
{Heap after GC invocations=67 (full 0):
 garbage-first heap   total 190464K, used 41223K [0x0000000082800000, 0x0000000100000000)
  region size 1024K, 1 young (1024K), 1 survivors (1024K)
 Metaspace       used 81953K, committed 82816K, reserved 1122304K
  class space    used 10668K, committed 11008K, reserved 1048576K
}
Event: 2820.757 GC heap before
{Heap before GC invocations=67 (full 0):
 garbage-first heap   total 190464K, used 153863K [0x0000000082800000, 0x0000000100000000)
  region size 1024K, 111 young (113664K), 1 survivors (1024K)
 Metaspace       used 81953K, committed 82816K, reserved 1122304K
  class space    used 10668K, committed 11008K, reserved 1048576K
}
Event: 2820.759 GC heap after
{Heap after GC invocations=68 (full 0):
 garbage-first heap   total 190464K, used 41238K [0x0000000082800000, 0x0000000100000000)
  region size 1024K, 1 young (1024K), 1 survivors (1024K)
 Metaspace       used 81953K, committed 82816K, reserved 1122304K
  class space    used 10668K, committed 11008K, reserved 1048576K
}
Event: 2824.198 GC heap before
{Heap before GC invocations=68 (full 0):
 garbage-first heap   total 190464K, used 153878K [0x0000000082800000, 0x0000000100000000)
  region size 1024K, 111 young (113664K), 1 survivors (1024K)
 Metaspace       used 81956K, committed 82816K, reserved 1122304K
  class space    used 10668K, committed 11008K, reserved 1048576K
}
Event: 2824.202 GC heap after
{Heap after GC invocations=69 (full 0):
 garbage-first heap   total 190464K, used 41262K [0x0000000082800000, 0x0000000100000000)
  region size 1024K, 1 young (1024K), 1 survivors (1024K)
 Metaspace       used 81956K, committed 82816K, reserved 1122304K
  class space    used 10668K, committed 11008K, reserved 1048576K
}
Event: 2829.981 GC heap before
{Heap before GC invocations=69 (full 0):
 garbage-first heap   total 190464K, used 153902K [0x0000000082800000, 0x0000000100000000)
  region size 1024K, 111 young (113664K), 1 survivors (1024K)
 Metaspace       used 81958K, committed 82816K, reserved 1122304K
  class space    used 10669K, committed 11008K, reserved 1048576K
}
Event: 2830.005 GC heap after
{Heap after GC invocations=70 (full 0):
 garbage-first heap   total 190464K, used 41280K [0x0000000082800000, 0x0000000100000000)
  region size 1024K, 1 young (1024K), 1 survivors (1024K)
 Metaspace       used 81958K, committed 82816K, reserved 1122304K
  class space    used 10669K, committed 11008K, reserved 1048576K
}
Event: 2833.001 GC heap before
{Heap before GC invocations=70 (full 0):
 garbage-first heap   total 190464K, used 153920K [0x0000000082800000, 0x0000000100000000)
  region size 1024K, 111 young (113664K), 1 survivors (1024K)
 Metaspace       used 81958K, committed 82816K, reserved 1122304K
  class space    used 10669K, committed 11008K, reserved 1048576K
}
Event: 2833.005 GC heap after
{Heap after GC invocations=71 (full 0):
 garbage-first heap   total 190464K, used 41301K [0x0000000082800000, 0x0000000100000000)
  region size 1024K, 1 young (1024K), 1 survivors (1024K)
 Metaspace       used 81958K, committed 82816K, reserved 1122304K
  class space    used 10669K, committed 11008K, reserved 1048576K
}
Event: 2842.010 GC heap before
{Heap before GC invocations=71 (full 0):
 garbage-first heap   total 190464K, used 153941K [0x0000000082800000, 0x0000000100000000)
  region size 1024K, 111 young (113664K), 1 survivors (1024K)
 Metaspace       used 81959K, committed 82816K, reserved 1122304K
  class space    used 10669K, committed 11008K, reserved 1048576K
}
Event: 2842.014 GC heap after
{Heap after GC invocations=72 (full 0):
 garbage-first heap   total 190464K, used 41336K [0x0000000082800000, 0x0000000100000000)
  region size 1024K, 1 young (1024K), 1 survivors (1024K)
 Metaspace       used 81959K, committed 82816K, reserved 1122304K
  class space    used 10669K, committed 11008K, reserved 1048576K
}

