# JRE version: Java(TM) SE Runtime Environment (17.0.7+8) (build 17.0.7+8-LTS-224)
# Java VM: Java HotSpot(TM) 64-Bit Server VM (17.0.7+8-LTS-224, mixed mode, sharing, tiered, compressed oops, compressed class ptrs, g1 gc, windows-amd64)
GC Precious Log:
 CPUs: 12 total, 12 available
 Memory: 8027M
 Large Page Support: Disabled
 NUMA Support: Disabled
 Compressed Oops: Enabled (32-bit)
 Heap Region Size: 1M
 Heap Min Capacity: 8M
 Heap Initial Capacity: 126M
 Heap Max Capacity: 2008M
 Pre-touch: Disabled
 Parallel Workers: 10
 Concurrent Workers: 3
 Concurrent Refinement Workers: 10
 Periodic GC: Disabled
Heap:
 garbage-first heap   total 75776K, used 43293K [0x0000000082800000, 0x0000000100000000)
  region size 1024K, 3 young (3072K), 1 survivors (1024K)
 Metaspace       used 81675K, committed 82304K, reserved 1122304K
  class space    used 10709K, committed 11008K, reserved 1048576K
GC Heap History (20 events):
Event: 547.464 GC heap before
{Heap before GC invocations=221 (full 0):
 garbage-first heap   total 75776K, used 63732K [0x0000000082800000, 0x0000000100000000)
  region size 1024K, 23 young (23552K), 1 survivors (1024K)
 Metaspace       used 81672K, committed 82304K, reserved 1122304K
  class space    used 10708K, committed 11008K, reserved 1048576K
}
Event: 547.466 GC heap after
{Heap after GC invocations=222 (full 0):
 garbage-first heap   total 75776K, used 42248K [0x0000000082800000, 0x0000000100000000)
  region size 1024K, 1 young (1024K), 1 survivors (1024K)
 Metaspace       used 81672K, committed 82304K, reserved 1122304K
  class space    used 10708K, committed 11008K, reserved 1048576K
}
Event: 548.431 GC heap before
{Heap before GC invocations=222 (full 0):
 garbage-first heap   total 75776K, used 63752K [0x0000000082800000, 0x0000000100000000)
  region size 1024K, 23 young (23552K), 1 survivors (1024K)
 Metaspace       used 81672K, committed 82304K, reserved 1122304K
  class space    used 10708K, committed 11008K, reserved 1048576K
}
Event: 548.432 GC heap after
{Heap after GC invocations=223 (full 0):
 garbage-first heap   total 75776K, used 42247K [0x0000000082800000, 0x0000000100000000)
  region size 1024K, 1 young (1024K), 1 survivors (1024K)
 Metaspace       used 81672K, committed 82304K, reserved 1122304K
  class space    used 10708K, committed 11008K, reserved 1048576K
}
Event: 549.592 GC heap before
{Heap before GC invocations=223 (full 0):
 garbage-first heap   total 75776K, used 64775K [0x0000000082800000, 0x0000000100000000)
  region size 1024K, 23 young (23552K), 1 survivors (1024K)
 Metaspace       used 81672K, committed 82304K, reserved 1122304K
  class space    used 10708K, committed 11008K, reserved 1048576K
}
Event: 549.594 GC heap after
{Heap after GC invocations=224 (full 0):
 garbage-first heap   total 75776K, used 42256K [0x0000000082800000, 0x0000000100000000)
  region size 1024K, 1 young (1024K), 1 survivors (1024K)
 Metaspace       used 81672K, committed 82304K, reserved 1122304K
  class space    used 10708K, committed 11008K, reserved 1048576K
}
Event: 550.190 GC heap before
{Heap before GC invocations=224 (full 0):
 garbage-first heap   total 75776K, used 64784K [0x0000000082800000, 0x0000000100000000)
  region size 1024K, 23 young (23552K), 1 survivors (1024K)
 Metaspace       used 81672K, committed 82304K, reserved 1122304K
  class space    used 10708K, committed 11008K, reserved 1048576K
}
Event: 550.191 GC heap after
{Heap after GC invocations=225 (full 0):
 garbage-first heap   total 75776K, used 42258K [0x0000000082800000, 0x0000000100000000)
  region size 1024K, 1 young (1024K), 1 survivors (1024K)
 Metaspace       used 81672K, committed 82304K, reserved 1122304K
  class space    used 10708K, committed 11008K, reserved 1048576K
}
Event: 550.841 GC heap before
{Heap before GC invocations=225 (full 0):
 garbage-first heap   total 75776K, used 64786K [0x0000000082800000, 0x0000000100000000)
  region size 1024K, 23 young (23552K), 1 survivors (1024K)
 Metaspace       used 81672K, committed 82304K, reserved 1122304K
  class space    used 10708K, committed 11008K, reserved 1048576K
}
Event: 550.850 GC heap after
{Heap after GC invocations=226 (full 0):
 garbage-first heap   total 75776K, used 42244K [0x0000000082800000, 0x0000000100000000)
  region size 1024K, 1 young (1024K), 1 survivors (1024K)
 Metaspace       used 81672K, committed 82304K, reserved 1122304K
  class space    used 10708K, committed 11008K, reserved 1048576K
}
Event: 551.798 GC heap before
{Heap before GC invocations=226 (full 0):
 garbage-first heap   total 75776K, used 63748K [0x0000000082800000, 0x0000000100000000)
  region size 1024K, 23 young (23552K), 1 survivors (1024K)
 Metaspace       used 81672K, committed 82304K, reserved 1122304K
  class space    used 10708K, committed 11008K, reserved 1048576K
}
Event: 551.798 GC heap after
{Heap after GC invocations=227 (full 0):
 garbage-first heap   total 75776K, used 42261K [0x0000000082800000, 0x0000000100000000)
  region size 1024K, 1 young (1024K), 1 survivors (1024K)
 Metaspace       used 81672K, committed 82304K, reserved 1122304K
  class space    used 10708K, committed 11008K, reserved 1048576K
}
Event: 552.674 GC heap before
{Heap before GC invocations=227 (full 0):
 garbage-first heap   total 75776K, used 63765K [0x0000000082800000, 0x0000000100000000)
  region size 1024K, 23 young (23552K), 1 survivors (1024K)
 Metaspace       used 81672K, committed 82304K, reserved 1122304K
  class space    used 10708K, committed 11008K, reserved 1048576K
}
Event: 552.675 GC heap after
{Heap after GC invocations=228 (full 0):
 garbage-first heap   total 75776K, used 42243K [0x0000000082800000, 0x0000000100000000)
  region size 1024K, 1 young (1024K), 1 survivors (1024K)
 Metaspace       used 81672K, committed 82304K, reserved 1122304K
  class space    used 10708K, committed 11008K, reserved 1048576K
}
Event: 553.481 GC heap before
{Heap before GC invocations=228 (full 0):
 garbage-first heap   total 75776K, used 63747K [0x0000000082800000, 0x0000000100000000)
  region size 1024K, 23 young (23552K), 1 survivors (1024K)
 Metaspace       used 81672K, committed 82304K, reserved 1122304K
  class space    used 10708K, committed 11008K, reserved 1048576K
}
Event: 553.482 GC heap after
{Heap after GC invocations=229 (full 0):
 garbage-first heap   total 75776K, used 42277K [0x0000000082800000, 0x0000000100000000)
  region size 1024K, 1 young (1024K), 1 survivors (1024K)
 Metaspace       used 81672K, committed 82304K, reserved 1122304K
  class space    used 10708K, committed 11008K, reserved 1048576K
}
Event: 554.094 GC heap before
{Heap before GC invocations=229 (full 0):
 garbage-first heap   total 75776K, used 63781K [0x0000000082800000, 0x0000000100000000)
  region size 1024K, 23 young (23552K), 1 survivors (1024K)
 Metaspace       used 81674K, committed 82304K, reserved 1122304K
  class space    used 10709K, committed 11008K, reserved 1048576K
}
Event: 554.095 GC heap after
{Heap after GC invocations=230 (full 0):
 garbage-first heap   total 75776K, used 42265K [0x0000000082800000, 0x0000000100000000)
  region size 1024K, 1 young (1024K), 1 survivors (1024K)
 Metaspace       used 81674K, committed 82304K, reserved 1122304K
  class space    used 10709K, committed 11008K, reserved 1048576K
}
Event: 554.772 GC heap before
{Heap before GC invocations=230 (full 0):
 garbage-first heap   total 75776K, used 63769K [0x0000000082800000, 0x0000000100000000)
  region size 1024K, 23 young (23552K), 1 survivors (1024K)
 Metaspace       used 81675K, committed 82304K, reserved 1122304K
  class space    used 10709K, committed 11008K, reserved 1048576K
}
Event: 554.852 GC heap after
{Heap after GC invocations=231 (full 0):
 garbage-first heap   total 75776K, used 42253K [0x0000000082800000, 0x0000000100000000)
  region size 1024K, 1 young (1024K), 1 survivors (1024K)
 Metaspace       used 81675K, committed 82304K, reserved 1122304K
  class space    used 10709K, committed 11008K, reserved 1048576K
}

